[2016-03-05 10:53:42] slim-skeleton.ERROR: exception 'ErrorException' with message 'Missing argument 1 for {closure}()' in D:\OpenServer\domains\slim.self\index.php:34 Stack trace: #0 D:\OpenServer\domains\slim.self\index.php(34): Slim\Slim::handleErrors(2, 'Missing argumen...', 'D:\\OpenServer\\d...', 34, Array) #1 [internal function]: {closure}() #2 D:\OpenServer\domains\slim.self\vendor\slim\slim\Slim\Route.php(468): call_user_func_array(Object(Closure), Array) #3 D:\OpenServer\domains\slim.self\vendor\slim\slim\Slim\Slim.php(1357): Slim\Route->dispatch() #4 D:\OpenServer\domains\slim.self\vendor\slim\slim\Slim\Middleware\Flash.php(85): Slim\Slim->call() #5 D:\OpenServer\domains\slim.self\vendor\slim\slim\Slim\Middleware\MethodOverride.php(92): Slim\Middleware\Flash->call() #6 D:\OpenServer\domains\slim.self\vendor\slim\slim\Slim\Middleware\PrettyExceptions.php(67): Slim\Middleware\MethodOverride->call() #7 D:\OpenServer\domains\slim.self\vendor\slim\slim\Slim\Slim.php(1302): Slim\Middleware\PrettyExceptions->call() #8 D:\OpenServer\domains\slim.self\index.php(45): Slim\Slim->run() #9 {main} [] []
[2016-03-05 11:29:58] slim-skeleton.INFO: Slim-Skeleton '/' route [] []
[2016-03-05 11:35:32] slim-skeleton.INFO: Slim-Skeleton '/' route [] []
[2016-03-05 11:35:45] slim-skeleton.INFO: Slim-Skeleton '/' route [] []
[2016-03-05 11:37:24] slim-skeleton.INFO: Slim-Skeleton '/' route [] []
[2016-03-05 11:37:29] slim-skeleton.INFO: Slim-Skeleton '/' route [] []
[2016-03-05 11:37:30] slim-skeleton.INFO: Slim-Skeleton '/' route [] []
[2016-03-05 11:37:30] slim-skeleton.INFO: Slim-Skeleton '/' route [] []
[2016-03-05 11:37:52] slim-skeleton.INFO: Slim-Skeleton '/' route [] []
[2016-03-06 00:54:53] slim-skeleton.INFO: Slim-Skeleton '/' route [] []
[2016-03-06 00:55:58] slim-skeleton.INFO: Slim-Skeleton '/' route [] []
[2016-03-06 00:55:59] slim-skeleton.INFO: Slim-Skeleton '/' route [] []
[2016-03-06 05:02:16] slim-skeleton.INFO: Slim-Skeleton '/' route [] []
[2016-03-06 05:05:37] slim-skeleton.INFO: Slim-Skeleton '/' route [] []
[2016-03-06 05:06:44] slim-skeleton.INFO: Slim-Skeleton '/' route [] []
[2016-03-06 05:06:45] slim-skeleton.INFO: Slim-Skeleton '/' route [] []
[2016-03-06 05:07:52] slim-skeleton.INFO: Slim-Skeleton '/' route [] []
[2016-03-06 05:09:30] slim-skeleton.INFO: Slim-Skeleton '/' route [] []
[2016-03-06 05:10:22] slim-skeleton.INFO: Slim-Skeleton '/' route [] []
[2016-03-06 05:41:41] slim-skeleton.INFO: Slim-Skeleton '/' route [] []
[2016-03-06 09:52:35] slim-skeleton.INFO: Slim-Skeleton '/' route [] []
[2016-03-06 09:53:00] slim-skeleton.INFO: Slim-Skeleton '/' route [] []
[2016-03-06 09:53:19] slim-skeleton.INFO: Slim-Skeleton '/' route [] []
[2016-03-06 09:53:53] slim-skeleton.INFO: Slim-Skeleton '/' route [] []
[2016-03-06 09:53:56] slim-skeleton.INFO: Slim-Skeleton '/' route [] []
[2016-03-06 09:54:00] slim-skeleton.INFO: Slim-Skeleton '/' route [] []
[2016-03-06 09:54:40] slim-skeleton.INFO: Slim-Skeleton '/' route [] []
[2016-03-06 09:55:22] slim-skeleton.INFO: Slim-Skeleton '/' route [] []
[2016-03-06 09:55:36] slim-skeleton.INFO: Slim-Skeleton '/' route [] []
[2016-03-06 09:55:42] slim-skeleton.INFO: Slim-Skeleton '/' route [] []
[2016-03-06 09:55:44] slim-skeleton.INFO: Slim-Skeleton '/' route [] []
[2016-03-06 09:55:49] slim-skeleton.INFO: Slim-Skeleton '/' route [] []
[2016-03-06 09:56:17] slim-skeleton.INFO: Slim-Skeleton '/' route [] []
[2016-03-06 09:56:17] slim-skeleton.INFO: Slim-Skeleton '/' route [] []
[2016-03-06 09:56:33] slim-skeleton.INFO: Slim-Skeleton '/' route [] []
[2016-03-06 09:57:19] slim-skeleton.INFO: Slim-Skeleton '/' route [] []
[2016-03-06 10:06:18] slim-skeleton.INFO: Slim-Skeleton '/' route [] []
[2016-03-06 10:06:22] slim-skeleton.INFO: Slim-Skeleton '/' route [] []
[2016-03-06 10:06:36] slim-skeleton.INFO: Slim-Skeleton '/' route [] []
[2016-03-06 10:08:04] slim-skeleton.INFO: Slim-Skeleton '/' route [] []
[2016-03-06 16:26:10] slim-skeleton.INFO: Slim-Skeleton '/' route [] []
[2016-03-06 16:30:51] slim-skeleton.INFO: Slim-Skeleton '/' route [] []
[2016-03-06 16:31:07] slim-skeleton.INFO: Slim-Skeleton '/' route [] []
[2016-03-06 16:40:15] slim-skeleton.INFO: Slim-Skeleton '/' route [] []
[2016-03-06 16:40:16] slim-skeleton.INFO: Slim-Skeleton '/' route [] []
[2016-03-06 16:40:25] slim-skeleton.INFO: Slim-Skeleton '/' route [] []
[2016-03-06 16:40:25] slim-skeleton.ERROR: exception 'ErrorException' with message 'Non-static method models\Core\Config::set() should not be called statically' in D:\OpenServer\domains\slim.self\app\models\Core\Config.php:14 Stack trace: #0 D:\OpenServer\domains\slim.self\app\models\Core\Config.php(14): Slim\Slim::handleErrors(2048, 'Non-static meth...', 'D:\\OpenServer\\d...', 14, Array) #1 D:\OpenServer\domains\slim.self\app\models\Core\Config.php(14): models\Core\Config::set() #2 D:\OpenServer\domains\slim.self\index.php(59): models\Core\Config::get('app') #3 [internal function]: {closure}() #4 D:\OpenServer\domains\slim.self\vendor\slim\slim\Slim\Route.php(468): call_user_func_array(Object(Closure), Array) #5 D:\OpenServer\domains\slim.self\vendor\slim\slim\Slim\Slim.php(1357): Slim\Route->dispatch() #6 D:\OpenServer\domains\slim.self\vendor\slim\slim\Slim\Middleware\Flash.php(85): Slim\Slim->call() #7 D:\OpenServer\domains\slim.self\vendor\slim\slim\Slim\Middleware\MethodOverride.php(92): Slim\Middleware\Flash->call() #8 D:\OpenServer\domains\slim.self\vendor\slim\slim\Slim\Middleware\PrettyExceptions.php(67): Slim\Middleware\MethodOverride->call() #9 D:\OpenServer\domains\slim.self\vendor\slim\slim\Slim\Slim.php(1302): Slim\Middleware\PrettyExceptions->call() #10 D:\OpenServer\domains\slim.self\index.php(67): Slim\Slim->run() #11 {main} [] []
[2016-03-06 16:43:49] slim-skeleton.INFO: Slim-Skeleton '/' route [] []
[2016-03-06 16:44:30] slim-skeleton.INFO: Slim-Skeleton '/' route [] []
[2016-03-06 16:45:08] slim-skeleton.INFO: Slim-Skeleton '/' route [] []
[2016-03-06 16:45:22] slim-skeleton.INFO: Slim-Skeleton '/' route [] []
[2016-03-06 16:45:31] slim-skeleton.INFO: Slim-Skeleton '/' route [] []
[2016-03-06 16:45:31] slim-skeleton.ERROR: exception 'ErrorException' with message 'Undefined index: app.mode' in D:\OpenServer\domains\slim.self\index.php:60 Stack trace: #0 D:\OpenServer\domains\slim.self\index.php(60): Slim\Slim::handleErrors(8, 'Undefined index...', 'D:\\OpenServer\\d...', 60, Array) #1 [internal function]: {closure}() #2 D:\OpenServer\domains\slim.self\vendor\slim\slim\Slim\Route.php(468): call_user_func_array(Object(Closure), Array) #3 D:\OpenServer\domains\slim.self\vendor\slim\slim\Slim\Slim.php(1357): Slim\Route->dispatch() #4 D:\OpenServer\domains\slim.self\vendor\slim\slim\Slim\Middleware\Flash.php(85): Slim\Slim->call() #5 D:\OpenServer\domains\slim.self\vendor\slim\slim\Slim\Middleware\MethodOverride.php(92): Slim\Middleware\Flash->call() #6 D:\OpenServer\domains\slim.self\vendor\slim\slim\Slim\Middleware\PrettyExceptions.php(67): Slim\Middleware\MethodOverride->call() #7 D:\OpenServer\domains\slim.self\vendor\slim\slim\Slim\Slim.php(1302): Slim\Middleware\PrettyExceptions->call() #8 D:\OpenServer\domains\slim.self\index.php(67): Slim\Slim->run() #9 {main} [] []
[2016-03-06 16:46:14] slim-skeleton.INFO: Slim-Skeleton '/' route [] []
[2016-03-06 16:49:52] slim-skeleton.INFO: Slim-Skeleton '/' route [] []
[2016-03-06 16:50:43] slim-skeleton.INFO: Slim-Skeleton '/' route [] []
[2016-03-06 16:52:10] slim-skeleton.INFO: Slim-Skeleton '/' route [] []
[2016-03-06 16:52:48] slim-skeleton.INFO: Slim-Skeleton '/' route [] []
[2016-03-06 16:52:54] slim-skeleton.INFO: Slim-Skeleton '/' route [] []
[2016-03-06 16:53:22] slim-skeleton.INFO: Slim-Skeleton '/' route [] []
[2016-03-06 16:53:27] slim-skeleton.INFO: Slim-Skeleton '/' route [] []
[2016-03-06 17:06:24] slim-skeleton.INFO: Slim-Skeleton '/' route [] []
[2016-03-06 17:07:31] slim-skeleton.INFO: Slim-Skeleton '/' route [] []
[2016-03-06 17:07:33] slim-skeleton.INFO: Slim-Skeleton '/' route [] []
[2016-03-06 17:07:44] slim-skeleton.INFO: Slim-Skeleton '/' route [] []
[2016-03-06 17:08:55] slim-skeleton.INFO: Slim-Skeleton '/' route [] []
[2016-03-06 17:09:03] slim-skeleton.INFO: Slim-Skeleton '/' route [] []
[2016-03-06 17:09:44] slim-skeleton.INFO: Slim-Skeleton '/' route [] []
[2016-03-06 17:09:45] slim-skeleton.INFO: Slim-Skeleton '/' route [] []
[2016-03-06 17:09:55] slim-skeleton.INFO: Slim-Skeleton '/' route [] []
[2016-03-06 17:11:05] slim-skeleton.INFO: Slim-Skeleton '/' route [] []
[2016-03-06 17:11:15] slim-skeleton.INFO: Slim-Skeleton '/' route [] []
[2016-03-06 17:12:02] slim-skeleton.INFO: Slim-Skeleton '/' route [] []
[2016-03-06 17:12:16] slim-skeleton.INFO: Slim-Skeleton '/' route [] []
[2016-03-06 17:12:34] slim-skeleton.INFO: Slim-Skeleton '/' route [] []
[2016-03-06 17:12:34] slim-skeleton.ERROR: exception 'ErrorException' with message 'Undefined index: app' in D:\OpenServer\domains\slim.self\index.php:61 Stack trace: #0 D:\OpenServer\domains\slim.self\index.php(61): Slim\Slim::handleErrors(8, 'Undefined index...', 'D:\\OpenServer\\d...', 61, Array) #1 [internal function]: {closure}() #2 D:\OpenServer\domains\slim.self\vendor\slim\slim\Slim\Route.php(468): call_user_func_array(Object(Closure), Array) #3 D:\OpenServer\domains\slim.self\vendor\slim\slim\Slim\Slim.php(1357): Slim\Route->dispatch() #4 D:\OpenServer\domains\slim.self\vendor\slim\slim\Slim\Middleware\Flash.php(85): Slim\Slim->call() #5 D:\OpenServer\domains\slim.self\vendor\slim\slim\Slim\Middleware\MethodOverride.php(92): Slim\Middleware\Flash->call() #6 D:\OpenServer\domains\slim.self\vendor\slim\slim\Slim\Middleware\PrettyExceptions.php(67): Slim\Middleware\MethodOverride->call() #7 D:\OpenServer\domains\slim.self\vendor\slim\slim\Slim\Slim.php(1302): Slim\Middleware\PrettyExceptions->call() #8 D:\OpenServer\domains\slim.self\index.php(68): Slim\Slim->run() #9 {main} [] []
[2016-03-06 17:12:47] slim-skeleton.INFO: Slim-Skeleton '/' route [] []
[2016-03-06 17:22:20] slim-skeleton.INFO: Slim-Skeleton '/' route [] []
[2016-03-06 17:30:53] slim-skeleton.INFO: Slim-Skeleton '/' route [] []
[2016-03-06 17:31:27] slim-skeleton.INFO: Slim-Skeleton '/' route [] []
[2016-03-06 17:32:05] slim-skeleton.INFO: Slim-Skeleton '/' route [] []
[2016-03-07 04:42:09] slim-skeleton.INFO: Slim-Skeleton '/' route [] []
[2016-03-07 04:43:06] slim-skeleton.INFO: Slim-Skeleton '/' route [] []
[2016-03-07 04:44:32] slim-skeleton.INFO: Slim-Skeleton '/' route [] []
[2016-03-07 04:48:30] slim-skeleton.INFO: Slim-Skeleton '/' route [] []
[2016-03-07 04:49:14] slim-skeleton.INFO: Slim-Skeleton '/' route [] []
[2016-03-07 04:49:49] slim-skeleton.INFO: Slim-Skeleton '/' route [] []
[2016-03-07 04:49:50] slim-skeleton.INFO: Slim-Skeleton '/' route [] []
[2016-03-07 04:52:45] slim-skeleton.INFO: Slim-Skeleton '/' route [] []
[2016-03-07 05:18:54] slim-skeleton.INFO: Slim-Skeleton '/' route [] []
[2016-03-07 05:19:10] slim-skeleton.INFO: Slim-Skeleton '/' route [] []
[2016-03-07 05:19:22] slim-skeleton.INFO: Slim-Skeleton '/' route [] []
[2016-03-07 05:19:23] slim-skeleton.INFO: Slim-Skeleton '/' route [] []
[2016-03-07 05:19:24] slim-skeleton.INFO: Slim-Skeleton '/' route [] []
[2016-03-07 05:19:24] slim-skeleton.INFO: Slim-Skeleton '/' route [] []
[2016-03-07 05:19:25] slim-skeleton.INFO: Slim-Skeleton '/' route [] []
[2016-03-07 05:19:25] slim-skeleton.INFO: Slim-Skeleton '/' route [] []
[2016-03-07 05:23:17] slim-skeleton.INFO: Slim-Skeleton '/' route [] []
[2016-03-07 05:28:19] slim-skeleton.INFO: Slim-Skeleton '/' route [] []
